<?xml version="1.0" encoding="UTF-8"?>
<!-- Generated by org.testng.reporters.JUnitReportReporter -->
<testsuite hostname="LAPTOP-JNBA6HHQ" failures="0" tests="4" name="testng.testcases.TestNgPriority" time="0.015" errors="0" timestamp="2023-08-06T22:06:20 IST" skipped="0">
  <testcase classname="testng.testcases.TestNgPriority" name="test1" time="0.010"/>
  <testcase classname="testng.testcases.TestNgPriority" name="test2" time="0.001"/>
  <testcase classname="testng.testcases.TestNgPriority" name="test3" time="0.002"/>
  <testcase classname="testng.testcases.TestNgPriority" name="test4" time="0.002"/>
</testsuite> <!-- testng.testcases.TestNgPriority -->
