<?xml version="1.0" encoding="UTF-8"?>
<!-- Generated by org.testng.reporters.JUnitReportReporter -->
<testsuite hostname="LAPTOP-JNBA6HHQ" failures="0" tests="3" name="testng.testcases.DataDrivenTesting" time="33.142" errors="0" timestamp="2023-08-13T12:46:56 IST" skipped="0">
  <testcase classname="testng.testcases.DataDrivenTesting" name="verifyValidLogin" time="11.478"/>
  <testcase classname="testng.testcases.DataDrivenTesting" name="verifyValidLogin" time="11.575"/>
  <testcase classname="testng.testcases.DataDrivenTesting" name="verifyValidLogin" time="10.089"/>
</testsuite> <!-- testng.testcases.DataDrivenTesting -->
