<?xml version="1.0" encoding="UTF-8"?>
<!-- Generated by org.testng.reporters.JUnitReportReporter -->
<testsuite hostname="LAPTOP-JNBA6HHQ" failures="0" tests="1" name="omayo.testcases.VerifyMultiselectFunctionalityOfDropDown" time="7.045" errors="0" timestamp="2023-08-13T12:11:47 IST" skipped="0">
  <testcase classname="omayo.testcases.VerifyMultiselectFunctionalityOfDropDown" name="verifyMultiselectFunctionalityOfDropdown" time="7.045"/>
</testsuite> <!-- omayo.testcases.VerifyMultiselectFunctionalityOfDropDown -->
