<?xml version="1.0" encoding="UTF-8"?>
<!-- Generated by org.testng.reporters.JUnitReportReporter -->
<testsuite hostname="LAPTOP-JNBA6HHQ" failures="0" tests="1" name="testng.testcases.testcases" time="7.852" errors="0" timestamp="2023-08-06T21:56:07 IST" skipped="0">
  <testcase classname="testng.testcases.testcases" name="verifyPageTitle" time="7.852"/>
</testsuite> <!-- testng.testcases.testcases -->
